C:\ElicitPodcast\ElicitPodcast\src\interfaces\keyvalue\IKeyValue.js
C:\ElicitPodcast\ElicitPodcast\src\interfaces\keyvalue\IKeyValue.js.map
C:\ElicitPodcast\ElicitPodcast\src\interfaces\button\IButtonProps.js
C:\ElicitPodcast\ElicitPodcast\src\interfaces\button\IButtonProps.js.map
C:\ElicitPodcast\ElicitPodcast\src\interfaces\inputprops\IInputProps.js
C:\ElicitPodcast\ElicitPodcast\src\interfaces\inputprops\IInputProps.js.map
C:\ElicitPodcast\ElicitPodcast\src\interfaces\dropdown\IDropDownListProps.js
C:\ElicitPodcast\ElicitPodcast\src\interfaces\dropdown\IDropDownListProps.js.map
C:\ElicitPodcast\ElicitPodcast\src\interfaces\textareaprops\ITextAreaProps.js
C:\ElicitPodcast\ElicitPodcast\src\interfaces\textareaprops\ITextAreaProps.js.map
C:\ElicitPodcast\ElicitPodcast\src\interfaces\podcast\IPodcastList.js
C:\ElicitPodcast\ElicitPodcast\src\interfaces\podcast\IPodcastList.js.map
C:\ElicitPodcast\ElicitPodcast\src\interfaces\privatepolicy\IPrivatePolicy.js
C:\ElicitPodcast\ElicitPodcast\src\interfaces\privatepolicy\IPrivatePolicy.js.map
C:\ElicitPodcast\ElicitPodcast\src\interfaces\gridview\IGridView.js
C:\ElicitPodcast\ElicitPodcast\src\interfaces\gridview\IGridView.js.map
C:\ElicitPodcast\ElicitPodcast\src\interfaces\index.js
C:\ElicitPodcast\ElicitPodcast\src\interfaces\index.js.map
C:\ElicitPodcast\ElicitPodcast\src\common\components\form\button.js
C:\ElicitPodcast\ElicitPodcast\src\common\components\form\button.js.map
C:\ElicitPodcast\ElicitPodcast\src\api\apiExecute.js
C:\ElicitPodcast\ElicitPodcast\src\api\apiExecute.js.map
C:\ElicitPodcast\ElicitPodcast\src\components\interfaces\privatepolicy\IPrivatePolicyPage.js
C:\ElicitPodcast\ElicitPodcast\src\components\interfaces\privatepolicy\IPrivatePolicyPage.js.map
C:\ElicitPodcast\ElicitPodcast\src\api\PrivatePolicy\PrivatePolicyApi.js
C:\ElicitPodcast\ElicitPodcast\src\api\PrivatePolicy\PrivatePolicyApi.js.map
C:\ElicitPodcast\ElicitPodcast\src\components\PrivatePolicy\PrivatePolicyModal.js
C:\ElicitPodcast\ElicitPodcast\src\components\PrivatePolicy\PrivatePolicyModal.js.map
C:\ElicitPodcast\ElicitPodcast\src\components\PrivatePolicy\PrivatePolicyList.js
C:\ElicitPodcast\ElicitPodcast\src\components\PrivatePolicy\PrivatePolicyList.js.map
C:\ElicitPodcast\ElicitPodcast\src\components\PrivatePolicy\PrivatePolicy.js
C:\ElicitPodcast\ElicitPodcast\src\components\PrivatePolicy\PrivatePolicy.js.map
C:\ElicitPodcast\ElicitPodcast\src\components\Footer\FooterContainer.js
C:\ElicitPodcast\ElicitPodcast\src\components\Footer\FooterContainer.js.map
C:\ElicitPodcast\ElicitPodcast\src\components\Header\header.js
C:\ElicitPodcast\ElicitPodcast\src\components\Header\header.js.map
C:\ElicitPodcast\ElicitPodcast\src\app.js
C:\ElicitPodcast\ElicitPodcast\src\app.js.map
C:\ElicitPodcast\ElicitPodcast\src\Components\Interfaces\Podcast\IPodcastList.js
C:\ElicitPodcast\ElicitPodcast\src\Components\Interfaces\Podcast\IPodcastList.js.map
C:\ElicitPodcast\ElicitPodcast\src\Components\Interfaces\AboutUs\IAboutUsPage.js
C:\ElicitPodcast\ElicitPodcast\src\Components\Interfaces\AboutUs\IAboutUsPage.js.map
C:\ElicitPodcast\ElicitPodcast\src\Components\Interfaces\index.js
C:\ElicitPodcast\ElicitPodcast\src\Components\Interfaces\index.js.map
C:\ElicitPodcast\ElicitPodcast\src\api\podcast\PodcastApi.js
C:\ElicitPodcast\ElicitPodcast\src\api\podcast\PodcastApi.js.map
C:\ElicitPodcast\ElicitPodcast\src\components\Banners\GreyBanner.js
C:\ElicitPodcast\ElicitPodcast\src\components\Banners\GreyBanner.js.map
C:\ElicitPodcast\ElicitPodcast\src\common\components\form\dropdownlist.js
C:\ElicitPodcast\ElicitPodcast\src\common\components\form\dropdownlist.js.map
C:\ElicitPodcast\ElicitPodcast\src\components\Podcast\Podcast.js
C:\ElicitPodcast\ElicitPodcast\src\components\Podcast\Podcast.js.map
C:\ElicitPodcast\ElicitPodcast\src\common\components\form\input.js
C:\ElicitPodcast\ElicitPodcast\src\common\components\form\input.js.map
C:\ElicitPodcast\ElicitPodcast\src\common\components\form\password.js
C:\ElicitPodcast\ElicitPodcast\src\common\components\form\password.js.map
C:\ElicitPodcast\ElicitPodcast\src\common\components\form\textarea.js
C:\ElicitPodcast\ElicitPodcast\src\common\components\form\textarea.js.map
C:\ElicitPodcast\ElicitPodcast\src\common\components\form\index.js
C:\ElicitPodcast\ElicitPodcast\src\common\components\form\index.js.map
C:\ElicitPodcast\ElicitPodcast\src\components\Podcast\PodcastForm.js
C:\ElicitPodcast\ElicitPodcast\src\components\Podcast\PodcastForm.js.map
C:\ElicitPodcast\ElicitPodcast\src\components\Podcast\PodcastList.js
C:\ElicitPodcast\ElicitPodcast\src\components\Podcast\PodcastList.js.map
C:\ElicitPodcast\ElicitPodcast\src\components\Podcast\index.js
C:\ElicitPodcast\ElicitPodcast\src\components\Podcast\index.js.map
C:\ElicitPodcast\ElicitPodcast\src\api\aboutus\AboutUsApi.js
C:\ElicitPodcast\ElicitPodcast\src\api\aboutus\AboutUsApi.js.map
C:\ElicitPodcast\ElicitPodcast\src\components\AboutUs\AboutUsForm.js
C:\ElicitPodcast\ElicitPodcast\src\components\AboutUs\AboutUsForm.js.map
C:\ElicitPodcast\ElicitPodcast\src\components\AboutUs\AboutUsPage.js
C:\ElicitPodcast\ElicitPodcast\src\components\AboutUs\AboutUsPage.js.map
C:\ElicitPodcast\ElicitPodcast\src\components\Home\Home.js
C:\ElicitPodcast\ElicitPodcast\src\components\Home\Home.js.map
C:\ElicitPodcast\ElicitPodcast\src\components\RssFeed\RssFeed.js
C:\ElicitPodcast\ElicitPodcast\src\components\RssFeed\RssFeed.js.map
C:\ElicitPodcast\ElicitPodcast\src\api\contactus\ContactUsApi.js
C:\ElicitPodcast\ElicitPodcast\src\api\contactus\ContactUsApi.js.map
C:\ElicitPodcast\ElicitPodcast\src\components\ContactUs\ContactUs.js
C:\ElicitPodcast\ElicitPodcast\src\components\ContactUs\ContactUs.js.map
C:\ElicitPodcast\ElicitPodcast\src\router.js
C:\ElicitPodcast\ElicitPodcast\src\router.js.map
C:\ElicitPodcast\ElicitPodcast\src\index.js
C:\ElicitPodcast\ElicitPodcast\src\index.js.map
C:\ElicitPodcast\ElicitPodcast\src\components\ContactUs\ContactUsForm.js
C:\ElicitPodcast\ElicitPodcast\src\components\ContactUs\ContactUsForm.js.map
C:\ElicitPodcast\ElicitPodcast\src\components\Interfaces\ContactUs\IContactUs.js
C:\ElicitPodcast\ElicitPodcast\src\components\Interfaces\ContactUs\IContactUs.js.map
C:\ElicitPodcast\ElicitPodcast\src\components\PictureSlides\PictureSlides.js
C:\ElicitPodcast\ElicitPodcast\src\components\PictureSlides\PictureSlides.js.map
C:\ElicitPodcast\ElicitPodcast\src\components\PrivatePolicy\index.js
C:\ElicitPodcast\ElicitPodcast\src\components\PrivatePolicy\index.js.map
